2025-03-26T00:20:26.620-05:00  WARN 97043 --- [url-shortener] [HikariPool-1 housekeeper] com.zaxxer.hikari.pool.HikariPool        : HikariPool-1 - Thread starvation or clock leap detected (housekeeper delta=1h6m46s832ms).
2025-03-26T00:51:41.051-05:00  WARN 97043 --- [url-shortener] [HikariPool-1 housekeeper] com.zaxxer.hikari.pool.HikariPool        : HikariPool-1 - Thread starvation or clock leap detected (housekeeper delta=31m14s429ms).
2025-03-26T01:14:45.041-05:00  WARN 97043 --- [url-shortener] [HikariPool-1 housekeeper] com.zaxxer.hikari.pool.HikariPool        : HikariPool-1 - Thread starvation or clock leap detected (housekeeper delta=23m3s993ms).
2025-03-26T02:05:56.346-05:00  WARN 97043 --- [url-shortener] [HikariPool-1 housekeeper] com.zaxxer.hikari.pool.HikariPool        : HikariPool-1 - Thread starvation or clock leap detected (housekeeper delta=51m11s306ms).
2025-03-26T02:55:09.370-05:00  WARN 97043 --- [url-shortener] [HikariPool-1 housekeeper] com.zaxxer.hikari.pool.HikariPool        : HikariPool-1 - Thread starvation or clock leap detected (housekeeper delta=49m13s23ms).
2025-03-26T04:13:04.563-05:00  WARN 97043 --- [url-shortener] [HikariPool-1 housekeeper] com.zaxxer.hikari.pool.HikariPool        : HikariPool-1 - Thread starvation or clock leap detected (housekeeper delta=1h17m55s193ms).
2025-03-26T04:46:46.316-05:00  WARN 97043 --- [url-shortener] [HikariPool-1 housekeeper] com.zaxxer.hikari.pool.HikariPool        : HikariPool-1 - Thread starvation or clock leap detected (housekeeper delta=33m41s754ms).
2025-03-26T05:32:46.245-05:00  WARN 97043 --- [url-shortener] [HikariPool-1 housekeeper] com.zaxxer.hikari.pool.HikariPool        : HikariPool-1 - Thread starvation or clock leap detected (housekeeper delta=45m59s928ms).
2025-03-26T06:24:11.988-05:00  WARN 97043 --- [url-shortener] [HikariPool-1 housekeeper] com.zaxxer.hikari.pool.HikariPool        : HikariPool-1 - Thread starvation or clock leap detected (housekeeper delta=51m25s744ms).
2025-03-26T07:13:36.514-05:00  WARN 97043 --- [url-shortener] [HikariPool-1 housekeeper] com.zaxxer.hikari.pool.HikariPool        : HikariPool-1 - Thread starvation or clock leap detected (housekeeper delta=49m24s525ms).
2025-03-26T08:14:37.156-05:00  WARN 97043 --- [url-shortener] [HikariPool-1 housekeeper] com.zaxxer.hikari.pool.HikariPool        : HikariPool-1 - Thread starvation or clock leap detected (housekeeper delta=1h30s621ms).
2025-03-26T09:15:40.088-05:00  WARN 97043 --- [url-shortener] [HikariPool-1 housekeeper] com.zaxxer.hikari.pool.HikariPool        : HikariPool-1 - Thread starvation or clock leap detected (housekeeper delta=1h1m2s932ms).
2025-03-26T10:16:32.711-05:00  WARN 97043 --- [url-shortener] [HikariPool-1 housekeeper] com.zaxxer.hikari.pool.HikariPool        : HikariPool-1 - Thread starvation or clock leap detected (housekeeper delta=1h52s623ms).
2025-03-26T11:09:27.890-05:00  WARN 97043 --- [url-shortener] [HikariPool-1 housekeeper] com.zaxxer.hikari.pool.HikariPool        : HikariPool-1 - Thread starvation or clock leap detected (housekeeper delta=52m55s179ms).
2025-03-26T11:34:53.938-05:00  WARN 97043 --- [url-shortener] [HikariPool-1 housekeeper] com.zaxxer.hikari.pool.HikariPool        : HikariPool-1 - Thread starvation or clock leap detected (housekeeper delta=25m26s47ms).
2025-03-26T12:18:44.331-05:00  WARN 97043 --- [url-shortener] [HikariPool-1 housekeeper] com.zaxxer.hikari.pool.HikariPool        : HikariPool-1 - Thread starvation or clock leap detected (housekeeper delta=43m50s395ms).
2025-03-26T12:26:12.806-05:00  WARN 97043 --- [url-shortener] [HikariPool-1 housekeeper] com.zaxxer.hikari.pool.HikariPool        : HikariPool-1 - Thread starvation or clock leap detected (housekeeper delta=7m28s474ms).
2025-03-26T13:19:40.208-05:00  WARN 97043 --- [url-shortener] [HikariPool-1 housekeeper] com.zaxxer.hikari.pool.HikariPool        : HikariPool-1 - Thread starvation or clock leap detected (housekeeper delta=52m57s384ms).
2025-03-26T14:20:38.656-05:00  WARN 97043 --- [url-shortener] [HikariPool-1 housekeeper] com.zaxxer.hikari.pool.HikariPool        : HikariPool-1 - Thread starvation or clock leap detected (housekeeper delta=1h28s425ms).
2025-03-26T15:07:01.128-05:00  WARN 97043 --- [url-shortener] [HikariPool-1 housekeeper] com.zaxxer.hikari.pool.HikariPool        : HikariPool-1 - Thread starvation or clock leap detected (housekeeper delta=45m52s454ms).
2025-03-26T15:21:32.012-05:00  WARN 97043 --- [url-shortener] [HikariPool-1 housekeeper] com.zaxxer.hikari.pool.HikariPool        : HikariPool-1 - Thread starvation or clock leap detected (housekeeper delta=14m30s886ms).
2025-03-26T15:39:00.567-05:00  WARN 97043 --- [url-shortener] [HikariPool-1 housekeeper] com.zaxxer.hikari.pool.HikariPool        : HikariPool-1 - Thread starvation or clock leap detected (housekeeper delta=17m28s556ms).
2025-03-26T16:22:44.823-05:00  WARN 97043 --- [url-shortener] [HikariPool-1 housekeeper] com.zaxxer.hikari.pool.HikariPool        : HikariPool-1 - Thread starvation or clock leap detected (housekeeper delta=43m14s244ms).
2025-03-26T16:38:48.225-05:00  WARN 97043 --- [url-shortener] [HikariPool-1 housekeeper] com.zaxxer.hikari.pool.HikariPool        : HikariPool-1 - Thread starvation or clock leap detected (housekeeper delta=16m3s402ms).
2025-03-26T16:47:30.679-05:00  WARN 97043 --- [url-shortener] [HikariPool-1 housekeeper] com.zaxxer.hikari.pool.HikariPool        : HikariPool-1 - Thread starvation or clock leap detected (housekeeper delta=8m12s435ms).
2025-03-26T17:23:34.833-05:00  WARN 97043 --- [url-shortener] [HikariPool-1 housekeeper] com.zaxxer.hikari.pool.HikariPool        : HikariPool-1 - Thread starvation or clock leap detected (housekeeper delta=35m34s139ms).
2025-03-26T18:08:08.569-05:00  WARN 97043 --- [url-shortener] [HikariPool-1 housekeeper] com.zaxxer.hikari.pool.HikariPool        : HikariPool-1 - Thread starvation or clock leap detected (housekeeper delta=44m33s737ms).
2025-03-26T18:58:10.952-05:00  WARN 97043 --- [url-shortener] [HikariPool-1 housekeeper] com.zaxxer.hikari.pool.HikariPool        : HikariPool-1 - Thread starvation or clock leap detected (housekeeper delta=49m32s381ms).
2025-03-26T19:15:32.522-05:00  WARN 97043 --- [url-shortener] [HikariPool-1 housekeeper] com.zaxxer.hikari.pool.HikariPool        : HikariPool-1 - Thread starvation or clock leap detected (housekeeper delta=16m51s545ms).
2025-03-26T19:43:27.232-05:00  WARN 97043 --- [url-shortener] [HikariPool-1 housekeeper] com.zaxxer.hikari.pool.HikariPool        : HikariPool-1 - Thread starvation or clock leap detected (housekeeper delta=27m24s702ms).
2025-03-26T20:26:42.130-05:00  WARN 97043 --- [url-shortener] [HikariPool-1 housekeeper] com.zaxxer.hikari.pool.HikariPool        : HikariPool-1 - Thread starvation or clock leap detected (housekeeper delta=43m14s899ms).
2025-03-26T20:38:02.776-05:00  WARN 97043 --- [url-shortener] [HikariPool-1 housekeeper] com.zaxxer.hikari.pool.HikariPool        : HikariPool-1 - Thread starvation or clock leap detected (housekeeper delta=10m50s638ms).
2025-03-26T20:39:07.731-05:00  WARN 97043 --- [url-shortener] [HikariPool-1 housekeeper] com.zaxxer.hikari.pool.HikariPool        : HikariPool-1 - Thread starvation or clock leap detected (housekeeper delta=1m4s954ms).
2025-03-26T21:11:44.207-05:00  WARN 97043 --- [url-shortener] [HikariPool-1 housekeeper] com.zaxxer.hikari.pool.HikariPool        : HikariPool-1 - Thread starvation or clock leap detected (housekeeper delta=32m36s476ms).
2025-03-26T21:18:39.721-05:00  WARN 97043 --- [url-shortener] [HikariPool-1 housekeeper] com.zaxxer.hikari.pool.HikariPool        : HikariPool-1 - Thread starvation or clock leap detected (housekeeper delta=6m24s940ms).
2025-03-26T21:27:41.828-05:00  WARN 97043 --- [url-shortener] [HikariPool-1 housekeeper] com.zaxxer.hikari.pool.HikariPool        : HikariPool-1 - Thread starvation or clock leap detected (housekeeper delta=8m32s91ms).
2025-03-26T22:28:38.519-05:00  WARN 97043 --- [url-shortener] [HikariPool-1 housekeeper] com.zaxxer.hikari.pool.HikariPool        : HikariPool-1 - Thread starvation or clock leap detected (housekeeper delta=1h26s663ms).
2025-03-26T22:37:08.114-05:00  WARN 97043 --- [url-shortener] [HikariPool-1 housekeeper] com.zaxxer.hikari.pool.HikariPool        : HikariPool-1 - Thread starvation or clock leap detected (housekeeper delta=7m59s580ms).
2025-03-26T22:40:16.844-05:00  WARN 97043 --- [url-shortener] [HikariPool-1 housekeeper] com.zaxxer.hikari.pool.HikariPool        : HikariPool-1 - Thread starvation or clock leap detected (housekeeper delta=3m8s728ms).
2025-03-26T23:12:34.522-05:00  INFO 27950 --- [url-shortener] [main] c.example.demo.UrlShortApplicationTests  : Starting UrlShortApplicationTests using Java 23.0.2 with PID 27950 (started by venkatesh in /Users/venkatesh/Desktop/Spring Projects/url-short)
2025-03-26T23:12:34.522-05:00 DEBUG 27950 --- [url-shortener] [main] c.example.demo.UrlShortApplicationTests  : Running with Spring Boot v3.4.4, Spring v6.2.5
2025-03-26T23:12:34.523-05:00  INFO 27950 --- [url-shortener] [main] c.example.demo.UrlShortApplicationTests  : No active profile set, falling back to 1 default profile: "default"
2025-03-26T23:12:34.809-05:00  INFO 27950 --- [url-shortener] [main] .s.d.r.c.RepositoryConfigurationDelegate : Bootstrapping Spring Data JPA repositories in DEFAULT mode.
2025-03-26T23:12:34.832-05:00  INFO 27950 --- [url-shortener] [main] .s.d.r.c.RepositoryConfigurationDelegate : Finished Spring Data repository scanning in 18 ms. Found 1 JPA repository interface.
2025-03-26T23:12:35.001-05:00  INFO 27950 --- [url-shortener] [main] o.hibernate.jpa.internal.util.LogHelper  : HHH000204: Processing PersistenceUnitInfo [name: default]
2025-03-26T23:12:35.028-05:00  INFO 27950 --- [url-shortener] [main] org.hibernate.Version                    : HHH000412: Hibernate ORM core version 6.6.11.Final
2025-03-26T23:12:35.045-05:00  INFO 27950 --- [url-shortener] [main] o.h.c.internal.RegionFactoryInitiator    : HHH000026: Second-level cache disabled
2025-03-26T23:12:35.183-05:00  INFO 27950 --- [url-shortener] [main] o.s.o.j.p.SpringPersistenceUnitInfo      : No LoadTimeWeaver setup: ignoring JPA class transformer
2025-03-26T23:12:35.201-05:00  INFO 27950 --- [url-shortener] [main] com.zaxxer.hikari.HikariDataSource       : HikariPool-1 - Starting...
2025-03-26T23:12:35.328-05:00  INFO 27950 --- [url-shortener] [main] com.zaxxer.hikari.pool.HikariPool        : HikariPool-1 - Added connection org.postgresql.jdbc.PgConnection@5cc3e49b
2025-03-26T23:12:35.328-05:00  INFO 27950 --- [url-shortener] [main] com.zaxxer.hikari.HikariDataSource       : HikariPool-1 - Start completed.
2025-03-26T23:12:35.377-05:00  INFO 27950 --- [url-shortener] [main] org.hibernate.orm.connections.pooling    : HHH10001005: Database info:
	Database JDBC URL [Connecting through datasource 'HikariDataSource (HikariPool-1)']
	Database driver: undefined/unknown
	Database version: 17.4
	Autocommit mode: undefined/unknown
	Isolation level: undefined/unknown
	Minimum pool size: undefined/unknown
	Maximum pool size: undefined/unknown
2025-03-26T23:12:35.746-05:00  INFO 27950 --- [url-shortener] [main] o.h.e.t.j.p.i.JtaPlatformInitiator       : HHH000489: No JTA platform available (set 'hibernate.transaction.jta.platform' to enable JTA platform integration)
2025-03-26T23:12:35.822-05:00  INFO 27950 --- [url-shortener] [main] j.LocalContainerEntityManagerFactoryBean : Initialized JPA EntityManagerFactory for persistence unit 'default'
2025-03-26T23:12:35.943-05:00  INFO 27950 --- [url-shortener] [main] o.s.d.j.r.query.QueryEnhancerFactory     : Hibernate is in classpath; If applicable, HQL parser will be used.
2025-03-26T23:12:36.449-05:00  WARN 27950 --- [url-shortener] [main] JpaBaseConfiguration$JpaWebConfiguration : spring.jpa.open-in-view is enabled by default. Therefore, database queries may be performed during view rendering. Explicitly configure spring.jpa.open-in-view to disable this warning
2025-03-26T23:12:36.613-05:00  INFO 27950 --- [url-shortener] [main] c.example.demo.UrlShortApplicationTests  : Started UrlShortApplicationTests in 2.238 seconds (process running for 2.716)
2025-03-26T23:12:36.991-05:00  INFO 27950 --- [url-shortener] [SpringApplicationShutdownHook] j.LocalContainerEntityManagerFactoryBean : Closing JPA EntityManagerFactory for persistence unit 'default'
2025-03-26T23:12:36.992-05:00  INFO 27950 --- [url-shortener] [SpringApplicationShutdownHook] com.zaxxer.hikari.HikariDataSource       : HikariPool-1 - Shutdown initiated...
2025-03-26T23:12:36.994-05:00  INFO 27950 --- [url-shortener] [SpringApplicationShutdownHook] com.zaxxer.hikari.HikariDataSource       : HikariPool-1 - Shutdown completed.
